<?xml version="1.0" encoding="UTF-8"?>
<!-- Generated by org.testng.reporters.JUnitXMLReporter -->
<testsuite hostname="DESKTOP-IHIJH93" ignored="0" name="Test" tests="3" failures="1" timestamp="08 Jan 2023 16:44:40 GMT" time="72.419" errors="0">
  <testcase name="createAndDeleteProductTest" time="16.667" classname="com.crm.product.CreateAndDeleteProductTest"/>
  <testcase name="createProductTest" time="5.335" classname="com.crm.product.CreateProductTest"/>
  <testcase name="createOrganizationTest" time="3.908" classname="com.crm.organization.CreateOrganizationTest">
    <failure type="java.lang.AssertionError" message="null">
      <![CDATA[java.lang.AssertionError: null
at com.crm.organization.CreateOrganizationTest.createOrganizationTest(CreateOrganizationTest.java:58)
... Removed 31 stack frames]]>
    </failure>
  </testcase> <!-- createOrganizationTest -->
</testsuite> <!-- Test -->
