<?xml version="1.0" encoding="UTF-8"?>
<testng-results skipped="0" failed="1" ignored="0" total="3" passed="2">
  <reporter-output>
  </reporter-output>
  <suite name="Suite" duration-ms="72419" started-at="2023-01-08T16:43:27Z" finished-at="2023-01-08T16:44:39Z">
    <groups>
      <group name="regressionTest">
        <method signature="CreateOrganizationTest.createOrganizationTest()[pri:0, instance:com.crm.organization.CreateOrganizationTest@670002]" name="createOrganizationTest" class="com.crm.organization.CreateOrganizationTest"/>
        <method signature="CreateProductTest.createProductTest()[pri:0, instance:com.crm.product.CreateProductTest@778d1062]" name="createProductTest" class="com.crm.product.CreateProductTest"/>
      </group> <!-- regressionTest -->
      <group name="smokeTest">
        <method signature="CreateAndDeleteProductTest.createAndDeleteProductTest()[pri:0, instance:com.crm.product.CreateAndDeleteProductTest@2b6faea6]" name="createAndDeleteProductTest" class="com.crm.product.CreateAndDeleteProductTest"/>
        <method signature="CreateProductTest.createProductTest()[pri:0, instance:com.crm.product.CreateProductTest@778d1062]" name="createProductTest" class="com.crm.product.CreateProductTest"/>
      </group> <!-- smokeTest -->
    </groups>
    <test name="Test" duration-ms="72419" started-at="2023-01-08T16:43:27Z" finished-at="2023-01-08T16:44:39Z">
      <class name="com.crm.organization.CreateOrganizationTest">
        <test-method status="PASS" signature="BC()[pri:0, instance:com.crm.organization.CreateOrganizationTest@670002]" name="BC" is-config="true" duration-ms="1305" started-at="2023-01-08T16:44:25Z" finished-at="2023-01-08T16:44:26Z">
          <reporter-output>
          </reporter-output>
        </test-method> <!-- BC -->
        <test-method status="PASS" signature="BM()[pri:0, instance:com.crm.organization.CreateOrganizationTest@670002]" name="BM" is-config="true" duration-ms="2371" started-at="2023-01-08T16:44:26Z" finished-at="2023-01-08T16:44:28Z">
          <reporter-output>
          </reporter-output>
        </test-method> <!-- BM -->
        <test-method status="FAIL" signature="createOrganizationTest()[pri:0, instance:com.crm.organization.CreateOrganizationTest@670002]" name="createOrganizationTest" duration-ms="3908" started-at="2023-01-08T16:44:28Z" finished-at="2023-01-08T16:44:32Z">
          <exception class="java.lang.AssertionError">
            <message>
              <![CDATA[null]]>
            </message>
            <full-stacktrace>
              <![CDATA[java.lang.AssertionError: null
at org.testng.Assert.fail(Assert.java:96)
at org.testng.Assert.fail(Assert.java:103)
at com.crm.organization.CreateOrganizationTest.createOrganizationTest(CreateOrganizationTest.java:58)
at sun.reflect.NativeMethodAccessorImpl.invoke0(Native Method)
at sun.reflect.NativeMethodAccessorImpl.invoke(NativeMethodAccessorImpl.java:62)
at sun.reflect.DelegatingMethodAccessorImpl.invoke(DelegatingMethodAccessorImpl.java:43)
at java.lang.reflect.Method.invoke(Method.java:498)
at org.testng.internal.MethodInvocationHelper.invokeMethod(MethodInvocationHelper.java:124)
at org.testng.internal.Invoker.invokeMethod(Invoker.java:583)
at org.testng.internal.Invoker.invokeTestMethod(Invoker.java:719)
at org.testng.internal.Invoker.invokeTestMethods(Invoker.java:989)
at org.testng.internal.TestMethodWorker.invokeTestMethods(TestMethodWorker.java:125)
at org.testng.internal.TestMethodWorker.run(TestMethodWorker.java:109)
at org.testng.TestRunner.privateRun(TestRunner.java:648)
at org.testng.TestRunner.run(TestRunner.java:505)
at org.testng.SuiteRunner.runTest(SuiteRunner.java:455)
at org.testng.SuiteRunner.runSequentially(SuiteRunner.java:450)
at org.testng.SuiteRunner.privateRun(SuiteRunner.java:415)
at org.testng.SuiteRunner.run(SuiteRunner.java:364)
at org.testng.SuiteRunnerWorker.runSuite(SuiteRunnerWorker.java:52)
at org.testng.SuiteRunnerWorker.run(SuiteRunnerWorker.java:84)
at org.testng.TestNG.runSuitesSequentially(TestNG.java:1208)
at org.testng.TestNG.runSuitesLocally(TestNG.java:1137)
at org.testng.TestNG.runSuites(TestNG.java:1049)
at org.testng.TestNG.run(TestNG.java:1017)
at org.apache.maven.surefire.testng.TestNGExecutor.run(TestNGExecutor.java:324)
at org.apache.maven.surefire.testng.TestNGXmlTestSuite.execute(TestNGXmlTestSuite.java:74)
at org.apache.maven.surefire.testng.TestNGProvider.invoke(TestNGProvider.java:123)
at org.apache.maven.surefire.booter.ForkedBooter.runSuitesInProcess(ForkedBooter.java:456)
at org.apache.maven.surefire.booter.ForkedBooter.execute(ForkedBooter.java:169)
at org.apache.maven.surefire.booter.ForkedBooter.run(ForkedBooter.java:595)
at org.apache.maven.surefire.booter.ForkedBooter.main(ForkedBooter.java:581)
]]>
            </full-stacktrace>
          </exception> <!-- java.lang.AssertionError -->
          <reporter-output>
          </reporter-output>
        </test-method> <!-- createOrganizationTest -->
        <test-method status="PASS" signature="AM()[pri:0, instance:com.crm.organization.CreateOrganizationTest@670002]" name="AM" is-config="true" duration-ms="1046" started-at="2023-01-08T16:44:38Z" finished-at="2023-01-08T16:44:39Z">
          <reporter-output>
          </reporter-output>
        </test-method> <!-- AM -->
        <test-method status="PASS" signature="AC()[pri:0, instance:com.crm.organization.CreateOrganizationTest@670002]" name="AC" is-config="true" duration-ms="65" started-at="2023-01-08T16:44:39Z" finished-at="2023-01-08T16:44:39Z">
          <reporter-output>
          </reporter-output>
        </test-method> <!-- AC -->
      </class> <!-- com.crm.organization.CreateOrganizationTest -->
      <class name="com.crm.product.CreateAndDeleteProductTest">
        <test-method status="PASS" signature="BC()[pri:0, instance:com.crm.product.CreateAndDeleteProductTest@2b6faea6]" name="BC" is-config="true" duration-ms="2494" started-at="2023-01-08T16:43:27Z" finished-at="2023-01-08T16:43:30Z">
          <reporter-output>
          </reporter-output>
        </test-method> <!-- BC -->
        <test-method status="PASS" signature="BM()[pri:0, instance:com.crm.product.CreateAndDeleteProductTest@2b6faea6]" name="BM" is-config="true" duration-ms="8931" started-at="2023-01-08T16:43:30Z" finished-at="2023-01-08T16:43:39Z">
          <reporter-output>
          </reporter-output>
        </test-method> <!-- BM -->
        <test-method status="PASS" signature="createAndDeleteProductTest()[pri:0, instance:com.crm.product.CreateAndDeleteProductTest@2b6faea6]" name="createAndDeleteProductTest" duration-ms="16667" started-at="2023-01-08T16:43:39Z" finished-at="2023-01-08T16:43:55Z">
          <reporter-output>
          </reporter-output>
        </test-method> <!-- createAndDeleteProductTest -->
        <test-method status="PASS" signature="AM()[pri:0, instance:com.crm.product.CreateAndDeleteProductTest@2b6faea6]" name="AM" is-config="true" duration-ms="3005" started-at="2023-01-08T16:43:55Z" finished-at="2023-01-08T16:43:58Z">
          <reporter-output>
          </reporter-output>
        </test-method> <!-- AM -->
        <test-method status="PASS" signature="AC()[pri:0, instance:com.crm.product.CreateAndDeleteProductTest@2b6faea6]" name="AC" is-config="true" duration-ms="16292" started-at="2023-01-08T16:43:58Z" finished-at="2023-01-08T16:44:15Z">
          <reporter-output>
          </reporter-output>
        </test-method> <!-- AC -->
      </class> <!-- com.crm.product.CreateAndDeleteProductTest -->
      <class name="com.crm.product.CreateProductTest">
        <test-method status="PASS" signature="BC()[pri:0, instance:com.crm.product.CreateProductTest@778d1062]" name="BC" is-config="true" duration-ms="1304" started-at="2023-01-08T16:44:15Z" finished-at="2023-01-08T16:44:16Z">
          <reporter-output>
          </reporter-output>
        </test-method> <!-- BC -->
        <test-method status="PASS" signature="BM()[pri:0, instance:com.crm.product.CreateProductTest@778d1062]" name="BM" is-config="true" duration-ms="2489" started-at="2023-01-08T16:44:16Z" finished-at="2023-01-08T16:44:18Z">
          <reporter-output>
          </reporter-output>
        </test-method> <!-- BM -->
        <test-method status="PASS" signature="createProductTest()[pri:0, instance:com.crm.product.CreateProductTest@778d1062]" name="createProductTest" duration-ms="5335" started-at="2023-01-08T16:44:18Z" finished-at="2023-01-08T16:44:24Z">
          <reporter-output>
          </reporter-output>
        </test-method> <!-- createProductTest -->
        <test-method status="PASS" signature="AM()[pri:0, instance:com.crm.product.CreateProductTest@778d1062]" name="AM" is-config="true" duration-ms="894" started-at="2023-01-08T16:44:24Z" finished-at="2023-01-08T16:44:25Z">
          <reporter-output>
          </reporter-output>
        </test-method> <!-- AM -->
        <test-method status="PASS" signature="AC()[pri:0, instance:com.crm.product.CreateProductTest@778d1062]" name="AC" is-config="true" duration-ms="64" started-at="2023-01-08T16:44:25Z" finished-at="2023-01-08T16:44:25Z">
          <reporter-output>
          </reporter-output>
        </test-method> <!-- AC -->
      </class> <!-- com.crm.product.CreateProductTest -->
    </test> <!-- Test -->
  </suite> <!-- Suite -->
</testng-results>
